[00:11:21] [Craft Scheduler Thread - 45/INFO]: [Vault] Checking for Updates ... 
[00:11:22] [Craft Scheduler Thread - 45/INFO]: [Vault] No new version available
[02:01:21] [Server thread/ERROR]: Could not save data net.minecraft.server.v1_16_R3.PersistentRaid@43a6a671
java.io.IOException: No space left on device
	at java.io.FileOutputStream.writeBytes(Native Method) ~[?:?]
	at java.io.FileOutputStream.write(FileOutputStream.java:341) ~[?:?]
	at java.util.zip.GZIPOutputStream.writeHeader(GZIPOutputStream.java:183) ~[?:?]
	at java.util.zip.GZIPOutputStream.<init>(GZIPOutputStream.java:95) ~[?:?]
	at java.util.zip.GZIPOutputStream.<init>(GZIPOutputStream.java:110) ~[?:?]
	at net.minecraft.server.v1_16_R3.NBTCompressedStreamTools.a(NBTCompressedStreamTools.java:112) ~[patched_1.16.5.jar:git-Paper-597]
	at net.minecraft.server.v1_16_R3.NBTCompressedStreamTools.a(NBTCompressedStreamTools.java:89) ~[patched_1.16.5.jar:git-Paper-597]
	at net.minecraft.server.v1_16_R3.PersistentBase.a(SourceFile:51) ~[patched_1.16.5.jar:git-Paper-597]
	at net.minecraft.server.v1_16_R3.WorldPersistentData.a(WorldPersistentData.java:200) ~[patched_1.16.5.jar:git-Paper-597]
	at net.minecraft.server.v1_16_R3.WorldServer.aj(WorldServer.java:1139) ~[patched_1.16.5.jar:git-Paper-597]
	at net.minecraft.server.v1_16_R3.WorldServer.saveData(WorldServer.java:1133) ~[patched_1.16.5.jar:git-Paper-597]
	at net.minecraft.server.v1_16_R3.WorldServer.saveIncrementally(WorldServer.java:1081) ~[patched_1.16.5.jar:git-Paper-597]
	at net.minecraft.server.v1_16_R3.MinecraftServer.a(MinecraftServer.java:1369) ~[patched_1.16.5.jar:git-Paper-597]
	at net.minecraft.server.v1_16_R3.MinecraftServer.w(MinecraftServer.java:1126) ~[patched_1.16.5.jar:git-Paper-597]
	at net.minecraft.server.v1_16_R3.MinecraftServer.lambda$a$0(MinecraftServer.java:289) ~[patched_1.16.5.jar:git-Paper-597]
	at java.lang.Thread.run(Thread.java:834) [?:?]
[02:01:21] [Server thread/ERROR]: Failed to save level ./world
java.io.IOException: No space left on device
	at java.io.FileOutputStream.writeBytes(Native Method) ~[?:?]
	at java.io.FileOutputStream.write(FileOutputStream.java:341) ~[?:?]
	at java.util.zip.GZIPOutputStream.writeHeader(GZIPOutputStream.java:183) ~[?:?]
	at java.util.zip.GZIPOutputStream.<init>(GZIPOutputStream.java:95) ~[?:?]
	at java.util.zip.GZIPOutputStream.<init>(GZIPOutputStream.java:110) ~[?:?]
	at net.minecraft.server.v1_16_R3.NBTCompressedStreamTools.a(NBTCompressedStreamTools.java:112) ~[patched_1.16.5.jar:git-Paper-597]
	at net.minecraft.server.v1_16_R3.NBTCompressedStreamTools.a(NBTCompressedStreamTools.java:89) ~[patched_1.16.5.jar:git-Paper-597]
	at net.minecraft.server.v1_16_R3.Convertable$ConversionSession.a(Convertable.java:330) ~[patched_1.16.5.jar:git-Paper-597]
	at net.minecraft.server.v1_16_R3.WorldServer.saveIncrementally(WorldServer.java:1096) ~[patched_1.16.5.jar:git-Paper-597]
	at net.minecraft.server.v1_16_R3.MinecraftServer.a(MinecraftServer.java:1369) ~[patched_1.16.5.jar:git-Paper-597]
	at net.minecraft.server.v1_16_R3.MinecraftServer.w(MinecraftServer.java:1126) ~[patched_1.16.5.jar:git-Paper-597]
	at net.minecraft.server.v1_16_R3.MinecraftServer.lambda$a$0(MinecraftServer.java:289) ~[patched_1.16.5.jar:git-Paper-597]
	at java.lang.Thread.run(Thread.java:834) [?:?]
[02:01:21] [Server thread/ERROR]: Could not save data net.minecraft.server.v1_16_R3.PersistentRaid@67f2fab1
java.io.IOException: No space left on device
	at java.io.FileOutputStream.writeBytes(Native Method) ~[?:?]
	at java.io.FileOutputStream.write(FileOutputStream.java:341) ~[?:?]
	at java.util.zip.GZIPOutputStream.writeHeader(GZIPOutputStream.java:183) ~[?:?]
	at java.util.zip.GZIPOutputStream.<init>(GZIPOutputStream.java:95) ~[?:?]
	at java.util.zip.GZIPOutputStream.<init>(GZIPOutputStream.java:110) ~[?:?]
	at net.minecraft.server.v1_16_R3.NBTCompressedStreamTools.a(NBTCompressedStreamTools.java:112) ~[patched_1.16.5.jar:git-Paper-597]
	at net.minecraft.server.v1_16_R3.NBTCompressedStreamTools.a(NBTCompressedStreamTools.java:89) ~[patched_1.16.5.jar:git-Paper-597]
	at net.minecraft.server.[06:11:21] [Craft Scheduler Thread - 46/INFO]: [Vault] Checking for Updates ... 
[06:11:22] [Craft Scheduler Thread - 46/INFO]: [Vault] No new version available
[06:21:21] [Server thread/ERROR]: Could not save data net.minecraft.server.v1_16_R3.PersistentRaid@43a6a671
java.io.IOException: No space left on device
	at java.io.FileOutputStream.writeBytes(Native Method) ~[?:?]
	at java.io.FileOutputStream.write(FileOutputStream.java:341) ~[?:?]
	at java.util.zip.GZIPOutputStream.writeHeader(GZIPOutputStream.java:183) ~[?:?]
	at java.util.zip.GZIPOutputStream.<init>(GZIPOutputStream.java:95) ~[?:?]
	at java.util.zip.GZIPOutputStream.<init>(GZIPOutputStream.java:110) ~[?:?]
	at net.minecraft.server.v1_16_R3.NBTCompressedStreamTools.a(NBTCompressedStreamTools.java:112) ~[patched_1.16.5.jar:git-Paper-597]
	at net.minecraft.server.v1_16_R3.NBTCompressedStreamTools.a(NBTCompressedStreamTools.java:89) ~[patched_1.16.5.jar:git-Paper-597]
	at net.minecraft.server.v1_16_R3.PersistentBase.a(SourceFile:51) ~[patched_1.16.5.jar:git-Paper-597]
	at net.minecraft.server.v1_16_R3.WorldPersistentData.a(WorldPersistentData.java:200) ~[patched_1.16.5.jar:git-Paper-597]
	at net.minecraft.server.v1_16_R3.WorldServer.aj(WorldServer.java:1139) ~[patched_1.16.5.jar:git-Paper-597]
	at net.minecraft.server.v1_16_R3.WorldServer.saveData(WorldServer.java:1133) ~[patched_1.16.5.jar:git-Paper-597]
	at net.minecraft.server.v1_16_R3.WorldServer.saveIncrementally(WorldServer.java:1081) ~[patched_1.16.5.jar:git-Paper-597]
	at net.minecraft.server.v1_16_R3.MinecraftServer.a(MinecraftServer.java:1369) ~[patched_1.16.5.jar:git-Paper-597]
	at net.minecraft.server.v1_16_R3.MinecraftServer.w(MinecraftServer.java:1126) ~[patched_1.16.5.jar:git-Paper-597]
	at net.minecraft.server.v1_16_R3.MinecraftServer.lambda$a$0(MinecraftServer.java:289) ~[patched_1.16.5.jar:git-Paper-597]
	at java.lang.Thread.run(Thread.java:834) [?:?]
[06:21:21] [Server thread/ERROR]: Failed to save level ./world
java.io.IOException: No space left on device
	at java.io.FileOutputStream.writeBytes(Native Method) ~[?:?]
	at java.io.FileOutputStream.write(FileOutputStream.java:341) ~[?:?]
	at java.util.zip.GZIPOutputStream.writeHeader(GZIPOutputStream.java:183) ~[?:?]
	at java.util.zip.GZIPOutputStream.<init>(GZIPOutputStream.java:95) ~[?:?]
	at java.util.zip.GZIPOutputStream.<init>(GZIPOutputStream.java:110) ~[?:?]
	at net.minecraft.server.v1_16_R3.NBTCompressedStreamTools.a(NBTCompressedStreamTools.java:112) ~[patched_1.16.5.jar:git-Paper-597]
	at net.minecraft.server.v1_16_R3.NBTCompressedStreamTools.a(NBTCompressedStreamTools.java:89) ~[patched_1.16.5.jar:git-Paper-597]
	at net.minecraft.server.v1_16_R3.Convertable$ConversionSession.a(Convertable.java:330) ~[patched_1.16.5.jar:git-Paper-597]
	at net.minecraft.server.v1_16_R3.WorldServer.saveIncrementally(WorldServer.java:1096) ~[patched_1.16.5.jar:git-Paper-597]
	at net.minecraft.server.v1_16_R3.MinecraftServer.a(MinecraftServer.java:1369) ~[patched_1.16.5.jar:git-Paper-597]
	at net.minecraft.server.v1_16_R3.MinecraftServer.w(MinecraftServer.java:1126) ~[patched_1.16.5.jar:git-Paper-597]
	at net.minecraft.server.v1_16_R3.MinecraftServer.lambda$a$0(MinecraftServer.java:289) ~[patched_1.16.5.jar:git-Paper-597]
	at java.lang.Thread.run(Thread.java:834) [?:?]
[06:21:21] [Server thread/ERROR]: Could not save data net.minecraft.server.v1_16_R3.PersistentRaid@67f2fab1
java.io.IOException: No space left on device
	at java.io.FileOutputStream.writeBytes(Native Method) ~[?:?]
	at java.io.FileOutputStream.write(FileOutputStream.java:341) ~[?:?]
	at java.util.zip.GZIPOutputStream.writeHeader(GZIPOutputStream.java:183) ~[?:?]
	at java.util.zip.GZIPOutputStream.<init>(GZIPOutputStream.java:95) ~[?:?]
	at java.util.zip.GZIPOutputStream.<init>(GZIPOutputStream.java:110) ~[?:?]
	at net.minecraft.server.v1_16_R3.NBTCompressedStreamTools.a(NBTCompressedStreamTools.java:112) ~[patched_1.16.5.jar:git-Paper-597]
	at net.minecraft.server.v1_16_R3.NBTCompressedStreamTools.a(NBTCompressedStreamTools.java:89) ~[patched_1.16.5.jar:git-Paper-597]
	at net.minecraft.server.[12:11:21] [Craft Scheduler Thread - 47/INFO]: [Vault] Checking for Updates ... 
[12:11:22] [Craft Scheduler Thread - 47/INFO]: [Vault] No new version available
[12:16:21] [Server thread/ERROR]: Could not save data net.minecraft.server.v1_16_R3.PersistentRaid@43a6a671
java.io.IOException: No space left on device
	at java.io.FileOutputStream.writeBytes(Native Method) ~[?:?]
	at java.io.FileOutputStream.write(FileOutputStream.java:341) ~[?:?]
	at java.util.zip.GZIPOutputStream.writeHeader(GZIPOutputStream.java:183) ~[?:?]
	at java.util.zip.GZIPOutputStream.<init>(GZIPOutputStream.java:95) ~[?:?]
	at java.util.zip.GZIPOutputStream.<init>(GZIPOutputStream.java:110) ~[?:?]
	at net.minecraft.server.v1_16_R3.NBTCompressedStreamTools.a(NBTCompressedStreamTools.java:112) ~[patched_1.16.5.jar:git-Paper-597]
	at net.minecraft.server.v1_16_R3.NBTCompressedStreamTools.a(NBTCompressedStreamTools.java:89) ~[patched_1.16.5.jar:git-Paper-597]
	at net.minecraft.server.v1_16_R3.PersistentBase.a(SourceFile:51) ~[patched_1.16.5.jar:git-Paper-597]
	at net.minecraft.server.v1_16_R3.WorldPersistentData.a(WorldPersistentData.java:200) ~[patched_1.16.5.jar:git-Paper-597]
	at net.minecraft.server.v1_16_R3.WorldServer.aj(WorldServer.java:1139) ~[patched_1.16.5.jar:git-Paper-597]
	at net.minecraft.server.v1_16_R3.WorldServer.saveData(WorldServer.java:1133) ~[patched_1.16.5.jar:git-Paper-597]
	at net.minecraft.server.v1_16_R3.WorldServer.saveIncrementally(WorldServer.java:1081) ~[patched_1.16.5.jar:git-Paper-597]
	at net.minecraft.server.v1_16_R3.MinecraftServer.a(MinecraftServer.java:1369) ~[patched_1.16.5.jar:git-Paper-597]
	at net.minecraft.server.v1_16_R3.MinecraftServer.w(MinecraftServer.java:1126) ~[patched_1.16.5.jar:git-Paper-597]
	at net.minecraft.server.v1_16_R3.MinecraftServer.lambda$a$0(MinecraftServer.java:289) ~[patched_1.16.5.jar:git-Paper-597]
	at java.lang.Thread.run(Thread.java:834) [?:?]
[12:16:21] [Server thread/ERROR]: Failed to save level ./world
java.io.IOException: No space left on device
	at java.io.FileOutputStream.writeBytes(Native Method) ~[?:?]
	at java.io.FileOutputStream.write(FileOutputStream.java:341) ~[?:?]
	at java.util.zip.GZIPOutputStream.writeHeader(GZIPOutputStream.java:183) ~[?:?]
	at java.util.zip.GZIPOutputStream.<init>(GZIPOutputStream.java:95) ~[?:?]
	at java.util.zip.GZIPOutputStream.<init>(GZIPOutputStream.java:110) ~[?:?]
	at net.minecraft.server.v1_16_R3.NBTCompressedStreamTools.a(NBTCompressedStreamTools.java:112) ~[patched_1.16.5.jar:git-Paper-597]
	at net.minecraft.server.v1_16_R3.NBTCompressedStreamTools.a(NBTCompressedStreamTools.java:89) ~[patched_1.16.5.jar:git-Paper-597]
	at net.minecraft.server.v1_16_R3.Convertable$ConversionSession.a(Convertable.java:330) ~[patched_1.16.5.jar:git-Paper-597]
	at net.minecraft.server.v1_16_R3.WorldServer.saveIncrementally(WorldServer.java:1096) ~[patched_1.16.5.jar:git-Paper-597]
	at net.minecraft.server.v1_16_R3.MinecraftServer.a(MinecraftServer.java:1369) ~[patched_1.16.5.jar:git-Paper-597]
	at net.minecraft.server.v1_16_R3.MinecraftServer.w(MinecraftServer.java:1126) ~[patched_1.16.5.jar:git-Paper-597]
	at net.minecraft.server.v1_16_R3.MinecraftServer.lambda$a$0(MinecraftServer.java:289) ~[patched_1.16.5.jar:git-Paper-597]
	at java.lang.Thread.run(Thread.java:834) [?:?]
[12:16:21] [Server thread/ERROR]: Could not save data net.minecraft.server.v1_16_R3.PersistentRaid@67f2fab1
java.io.IOException: No space left on device
	at java.io.FileOutputStream.writeBytes(Native Method) ~[?:?]
	at java.io.FileOutputStream.write(FileOutputStream.java:341) ~[?:?]
	at java.util.zip.GZIPOutputStream.writeHeader(GZIPOutputStream.java:183) ~[?:?]
	at java.util.zip.GZIPOutputStream.<init>(GZIPOutputStream.java:95) ~[?:?]
	at java.util.zip.GZIPOutputStream.<init>(GZIPOutputStream.java:110) ~[?:?]
	at net.minecraft.server.v1_16_R3.NBTCompressedStreamTools.a(NBTCompressedStreamTools.java:112) ~[patched_1.16.5.jar:git-Paper-597]
	at net.minecraft.server.v1_16_R3.NBTCompressedStreamTools.a(NBTCompressedStreamTools.java:89) ~[patched_1.16.5.jar:git-Paper-597]
	at net.minecraft.server.[18:11:21] [Craft Scheduler Thread - 48/INFO]: [Vault] Checking for Updates ... 
[18:11:22] [Craft Scheduler Thread - 48/INFO]: [Vault] No new version available
[23:51:21] [Server thread/ERROR]: Could not save data net.minecraft.server.v1_16_R3.PersistentRaid@43a6a671
java.io.IOException: No space left on device
	at java.io.FileOutputStream.writeBytes(Native Method) ~[?:?]
	at java.io.FileOutputStream.write(FileOutputStream.java:341) ~[?:?]
	at java.util.zip.GZIPOutputStream.writeHeader(GZIPOutputStream.java:183) ~[?:?]
	at java.util.zip.GZIPOutputStream.<init>(GZIPOutputStream.java:95) ~[?:?]
	at java.util.zip.GZIPOutputStream.<init>(GZIPOutputStream.java:110) ~[?:?]
	at net.minecraft.server.v1_16_R3.NBTCompressedStreamTools.a(NBTCompressedStreamTools.java:112) ~[patched_1.16.5.jar:git-Paper-597]
	at net.minecraft.server.v1_16_R3.NBTCompressedStreamTools.a(NBTCompressedStreamTools.java:89) ~[patched_1.16.5.jar:git-Paper-597]
	at net.minecraft.server.v1_16_R3.PersistentBase.a(SourceFile:51) ~[patched_1.16.5.jar:git-Paper-597]
	at net.minecraft.server.v1_16_R3.WorldPersistentData.a(WorldPersistentData.java:200) ~[patched_1.16.5.jar:git-Paper-597]
	at net.minecraft.server.v1_16_R3.WorldServer.aj(WorldServer.java:1139) ~[patched_1.16.5.jar:git-Paper-597]
	at net.minecraft.server.v1_16_R3.WorldServer.saveData(WorldServer.java:1133) ~[patched_1.16.5.jar:git-Paper-597]
	at net.minecraft.server.v1_16_R3.WorldServer.saveIncrementally(WorldServer.java:1081) ~[patched_1.16.5.jar:git-Paper-597]
	at net.minecraft.server.v1_16_R3.MinecraftServer.a(MinecraftServer.java:1369) ~[patched_1.16.5.jar:git-Paper-597]
	at net.minecraft.server.v1_16_R3.MinecraftServer.w(MinecraftServer.java:1126) ~[patched_1.16.5.jar:git-Paper-597]
	at net.minecraft.server.v1_16_R3.MinecraftServer.lambda$a$0(MinecraftServer.java:289) ~[patched_1.16.5.jar:git-Paper-597]
	at java.lang.Thread.run(Thread.java:834) [?:?]
[23:51:21] [Server thread/ERROR]: Failed to save level ./world
java.io.IOException: No space left on device
	at java.io.FileOutputStream.writeBytes(Native Method) ~[?:?]
	at java.io.FileOutputStream.write(FileOutputStream.java:341) ~[?:?]
	at java.util.zip.GZIPOutputStream.writeHeader(GZIPOutputStream.java:183) ~[?:?]
	at java.util.zip.GZIPOutputStream.<init>(GZIPOutputStream.java:95) ~[?:?]
	at java.util.zip.GZIPOutputStream.<init>(GZIPOutputStream.java:110) ~[?:?]
	at net.minecraft.server.v1_16_R3.NBTCompressedStreamTools.a(NBTCompressedStreamTools.java:112) ~[patched_1.16.5.jar:git-Paper-597]
	at net.minecraft.server.v1_16_R3.NBTCompressedStreamTools.a(NBTCompressedStreamTools.java:89) ~[patched_1.16.5.jar:git-Paper-597]
	at net.minecraft.server.v1_16_R3.Convertable$ConversionSession.a(Convertable.java:330) ~[patched_1.16.5.jar:git-Paper-597]
	at net.minecraft.server.v1_16_R3.WorldServer.saveIncrementally(WorldServer.java:1096) ~[patched_1.16.5.jar:git-Paper-597]
	at net.minecraft.server.v1_16_R3.MinecraftServer.a(MinecraftServer.java:1369) ~[patched_1.16.5.jar:git-Paper-597]
	at net.minecraft.server.v1_16_R3.MinecraftServer.w(MinecraftServer.java:1126) ~[patched_1.16.5.jar:git-Paper-597]
	at net.minecraft.server.v1_16_R3.MinecraftServer.lambda$a$0(MinecraftServer.java:289) ~[patched_1.16.5.jar:git-Paper-597]
	at java.lang.Thread.run(Thread.java:834) [?:?]
[23:51:21] [Server thread/ERROR]: Could not save data net.minecraft.server.v1_16_R3.PersistentRaid@67f2fab1
java.io.IOException: No space left on device
	at java.io.FileOutputStream.writeBytes(Native Method) ~[?:?]
	at java.io.FileOutputStream.write(FileOutputStream.java:341) ~[?:?]
	at java.util.zip.GZIPOutputStream.writeHeader(GZIPOutputStream.java:183) ~[?:?]
	at java.util.zip.GZIPOutputStream.<init>(GZIPOutputStream.java:95) ~[?:?]
	at java.util.zip.GZIPOutputStream.<init>(GZIPOutputStream.java:110) ~[?:?]
	at net.minecraft.server.v1_16_R3.NBTCompressedStreamTools.a(NBTCompressedStreamTools.java:112) ~[patched_1.16.5.jar:git-Paper-597]
	at net.minecraft.server.v1_16_R3.NBTCompressedStreamTools.a(NBTCompressedStreamTools.java:89) ~[patched_1.16.5.jar:git-Paper-597]
	at net.minecraft.server.