[19:43:34] [main/INFO]: Environment: authHost='https://authserver.mojang.com', accountsHost='https://api.mojang.com', sessionHost='https://sessionserver.mojang.com', servicesHost='https://api.minecraftservices.com', name='PROD'
[19:43:34] [main/INFO]: Reloading ResourceManager: Default, bukkit
[19:43:35] [Worker-Main-2/INFO]: Loaded 7 recipes
[19:43:37] [Server thread/INFO]: Starting minecraft server version 1.16.5
[19:43:37] [Server thread/INFO]: Loading properties
[19:43:37] [Server thread/INFO]: This server is running Paper version git-Paper-597 (MC: 1.16.5) (Implementing API version 1.16.5-R0.1-SNAPSHOT)
[19:43:37] [Server thread/INFO]: Debug logging is disabled
[19:43:37] [Server thread/INFO]: Server Ping Player Sample Count: 12
[19:43:37] [Server thread/INFO]: Using 4 threads for Netty based IO
[19:43:37] [Server thread/INFO]: Default game type: SURVIVAL
[19:43:37] [Server thread/INFO]: Generating keypair
[19:43:37] [Server thread/INFO]: Starting Minecraft server on *:25565
[19:43:37] [Server thread/INFO]: Using epoll channel type
[19:43:38] [Server thread/WARN]: Initializing Legacy Material Support. Unless you have legacy plugins and/or data this is a bug!
[19:43:42] [Server thread/WARN]: Legacy plugin SimpleBackup v1.8 does not specify an api-version.
[19:43:42] [Server thread/WARN]: Legacy plugin EasyClearChat v3.7.0 does not specify an api-version.
[19:43:43] [Server thread/INFO]: [SimpleBackup] Loading SimpleBackup v1.8
[19:43:43] [Server thread/INFO]: [LuckPerms] Loading LuckPerms v5.3.21
[19:43:43] [Server thread/INFO]: [Timber] Loading Timber v1.0.9
[19:43:43] [Server thread/INFO]: [Vault] Loading Vault v1.7.3-b131
[19:43:43] [Server thread/INFO]: [PL-Hide] Loading PL-Hide v1.5.18
[19:43:43] [Server thread/INFO]: [EasyClearChat] Loading EasyClearChat v3.7.0
[19:43:43] [Server thread/INFO]: [Multiverse-Core] Loading Multiverse-Core v4.2.2-b812
[19:43:43] [Server thread/INFO]: [WorldEdit] Loading WorldEdit v7.2.4+5723-e3bfc64
[19:43:44] [Server thread/INFO]: Got request to register class com.sk89q.worldedit.bukkit.BukkitServerInterface with WorldEdit [com.sk89q.worldedit.extension.platform.PlatformManager@e2608da]
[19:43:44] [Server thread/INFO]: [Essentials] Loading Essentials v2.18.2.0
[19:43:44] [Server thread/INFO]: [EssentialsSpawn] Loading EssentialsSpawn v2.18.2.0
[19:43:44] [Server thread/INFO]: [EssentialsChat] Loading EssentialsChat v2.18.2.0
[19:43:44] [Server thread/INFO]: [WorldGuard] Loading WorldGuard v7.0.4+f7ff984
[19:43:44] [Server thread/INFO]: Server permissions file permissions.yml is empty, ignoring it
[19:43:44] [Server thread/INFO]: [LuckPerms] Enabling LuckPerms v5.3.21
[19:43:44] [Server thread/INFO]:         __    
[19:43:44] [Server thread/INFO]:   |    |__)   LuckPerms v5.3.21
[19:43:44] [Server thread/INFO]:   |___ |      Running on Bukkit - Paper
[19:43:44] [Server thread/INFO]: 
[19:43:44] [Server thread/INFO]: [LuckPerms] Loading configuration...
[19:43:45] [Server thread/INFO]: [LuckPerms] Loading storage provider... [H2]
[19:43:46] [Server thread/INFO]: [LuckPerms] Loading internal permission managers...
[19:43:46] [Server thread/INFO]: [LuckPerms] Performing initial data load...
[19:43:46] [Server thread/INFO]: [LuckPerms] Successfully enabled. (took 2499ms)
[19:43:46] [Server thread/INFO]: [Vault] Enabling Vault v1.7.3-b131
[19:43:46] [Server thread/WARN]: [Vault] Loaded class com.earth2me.essentials.api.Economy from Essentials v2.18.2.0 which is not a depend, softdepend or loadbefore of this plugin.
[19:43:46] [Server thread/INFO]: [Vault] [Economy] Essentials Economy found: Waiting
[19:43:46] [Server thread/INFO]: [Vault] [Permission] SuperPermissions loaded as backup permission system.
[19:43:46] [Server thread/INFO]: [Vault] Enabled Version 1.7.3-b131
[19:43:46] [Server thread/INFO]: [LuckPerms] Registered Vault permission & chat hook.
[19:43:46] [Server thread/INFO]: [WorldEdit] Enabling WorldEdit v7.2.4+5723-e3bfc64
[19:43:46] [Server thread/INFO]: WEPIF: Vault detected! Using Vault for permissions
[19:43:47] [Server thread/INFO]: Using com.sk89q.worldedit.bukkit.adapter.impl.Spigot_v1_16_R3 as the Bukkit adapter
[19:43:48] [Server thread/INFO]: Preparing level "world"
[19:43:48] [Server thread/INFO]: -------- World Settings For [world] --------
[19:43:48] [Server thread/INFO]: Experience Merge Radius: 3.0
[19:43:48] [Server thread/INFO]: Cactus Growth Modifier: 100%
[19:43:48] [Server thread/INFO]: Cane Growth Modifier: 100%
[19:43:48] [Server thread/INFO]: Melon Growth Modifier: 100%
[19:43:48] [Server thread/INFO]: Mushroom Growth Modifier: 100%
[19:43:48] [Server thread/INFO]: Pumpkin Growth Modifier: 100%
[19:43:48] [Server thread/INFO]: Sapling Growth Modifier: 100%
[19:43:48] [Server thread/INFO]: Beetroot Growth Modifier: 100%
[19:43:48] [Server thread/INFO]: Carrot Growth Modifier: 100%
[19:43:48] [Server thread/INFO]: Potato Growth Modifier: 100%
[19:43:48] [Server thread/INFO]: Wheat Growth Modifier: 100%
[19:43:48] [Server thread/INFO]: NetherWart Growth Modifier: 100%
[19:43:48] [Server thread/INFO]: Vine Growth Modifier: 100%
[19:43:48] [Server thread/INFO]: Cocoa Growth Modifier: 100%
[19:43:48] [Server thread/INFO]: Bamboo Growth Modifier: 100%
[19:43:48] [Server thread/INFO]: SweetBerry Growth Modifier: 100%
[19:43:48] [Server thread/INFO]: Kelp Growth Modifier: 100%
[19:43:48] [Server thread/INFO]: Entity Activation Range: An 32 / Mo 32 / Ra 48 / Mi 16 / Tiv true
[19:43:48] [Server thread/INFO]: Hopper Transfer: 8 Hopper Check: 1 Hopper Amount: 1
[19:43:48] [Server thread/INFO]: Custom Map Seeds:  Village: 10387312 Desert: 14357617 Igloo: 14357618 Jungle: 14357619 Swamp: 14357620 Monument: 10387313 Ocean: 14357621 Shipwreck: 165745295 End City: 10387313 Slime: 987234911 Bastion: 30084232 Fortress: 30084232 Mansion: 10387319 Fossil: 14357921 Portal: 34222645
[19:43:48] [Server thread/INFO]: Max TNT Explosions: 100
[19:43:48] [Server thread/INFO]: Tile Max Tick Time: 50ms Entity max Tick Time: 50ms
[19:43:48] [Server thread/INFO]: Entity Tracking Range: Pl 48 / An 48 / Mo 48 / Mi 32 / Other 64
[19:43:48] [Server thread/INFO]: Allow Zombie Pigmen to spawn from portal blocks: true
[19:43:48] [Server thread/INFO]: Item Merge Radius: 2.5
[19:43:48] [Server thread/INFO]: Item Despawn Rate: 6000
[19:43:48] [Server thread/INFO]: View Distance: 10
[19:43:48] [Server thread/INFO]: Arrow Despawn Rate: 1200 Trident Respawn Rate:1200
[19:43:48] [Server thread/INFO]: Zombie Aggressive Towards Villager: true
[19:43:48] [Server thread/INFO]: Nerfing mobs spawned from spawners: false
[19:43:48] [Server thread/INFO]: Mob Spawn Range: 6
[19:43:48] [Server thread/ERROR]: Error loading saved data: raids
java.lang.ArrayIndexOutOfBoundsException: arraycopy: length -1 is negative
	at java.lang.System.arraycopy(Native Method) ~[?:?]
	at java.io.PushbackInputStream.unread(PushbackInputStream.java:232) ~[?:?]
	at net.minecraft.server.v1_16_R3.WorldPersistentData.a(WorldPersistentData.java:187) ~[patched_1.16.5.jar:git-Paper-597]
	at net.minecraft.server.v1_16_R3.WorldPersistentData.a(WorldPersistentData.java:103) ~[patched_1.16.5.jar:git-Paper-597]
	at net.minecraft.server.v1_16_R3.WorldPersistentData.c(WorldPersistentData.java:73) ~[patched_1.16.5.jar:git-Paper-597]
	at net.minecraft.server.v1_16_R3.WorldPersistentData.b(WorldPersistentData.java:59) ~[patched_1.16.5.jar:git-Paper-597]
	at net.minecraft.server.v1_16_R3.WorldPersistentData.a(WorldPersistentData.java:42) ~[patched_1.16.5.jar:git-Paper-597]
	at net.minecraft.server.v1_16_R3.WorldServer.<init>(WorldServer.java:364) ~[patched_1.16.5.jar:git-Paper-597]
	at net.minecraft.server.v1_16_R3.MinecraftServer.loadWorld(MinecraftServer.java:550) ~[patched_1.16.5.jar:git-Paper-597]
	at net.minecraft.server.v1_16_R3.DedicatedServer.init(DedicatedServer.java:280) ~[patched_1.16.5.jar:git-Paper-597]
	at net.minecraft.server.v1_16_R3.MinecraftServer.w(MinecraftServer.java:1065) ~[patched_1.16.5.jar:git-Paper-597]
	at net.minecraft.server.v1_16_R3.MinecraftServer.lambda$a$0(MinecraftServer.java:289) ~[patched_1.16.5.jar:git-Paper-597]
	at java.lang.Thread.run(Thread.java:834) [?:?]
[19:43:48] [Server thread/INFO]: Registering commands with com.sk89q.worldedit.bukkit.BukkitServerInterface
[19:43:49] [Server thread/INFO]: -------- World Settings For [world_nether] --------
[19:43:49] [Server thread/INFO]: Experience Merge Radius: 3.0
[19:43:49] [Server thread/INFO]: Cactus Growth Modifier: 100%
[19:43:49] [Server thread/INFO]: Cane Growth Modifier: 100%
[19:43:49] [Server thread/INFO]: Melon Growth Modifier: 100%
[19:43:49] [Server thread/INFO]: Mushroom Growth Modifier: 100%
[19:43:49] [Server thread/INFO]: Pumpkin Growth Modifier: 100%
[19:43:49] [Server thread/INFO]: Sapling Growth Modifier: 100%
[19:43:49] [Server thread/INFO]: Beetroot Growth Modifier: 100%
[19:43:49] [Server thread/INFO]: Carrot Growth Modifier: 100%
[19:43:49] [Server thread/INFO]: Potato Growth Modifier: 100%
[19:43:49] [Server thread/INFO]: Wheat Growth Modifier: 100%
[19:43:49] [Server thread/INFO]: NetherWart Growth Modifier: 100%
[19:43:49] [Server thread/INFO]: Vine Growth Modifier: 100%
[19:43:49] [Server thread/INFO]: Cocoa Growth Modifier: 100%
[19:43:49] [Server thread/INFO]: Bamboo Growth Modifier: 100%
[19:43:49] [Server thread/INFO]: SweetBerry Growth Modifier: 100%
[19:43:49] [Server thread/INFO]: Kelp Growth Modifier: 100%
[19:43:49] [Server thread/INFO]: Entity Activation Range: An 32 / Mo 32 / Ra 48 / Mi 16 / Tiv true
[19:43:49] [Server thread/INFO]: Hopper Transfer: 8 Hopper Check: 1 Hopper Amount: 1
[19:43:49] [Server thread/INFO]: Custom Map Seeds:  Village: 10387312 Desert: 14357617 Igloo: 14357618 Jungle: 14357619 Swamp: 14357620 Monument: 10387313 Ocean: 14357621 Shipwreck: 165745295 End City: 10387313 Slime: 987234911 Bastion: 30084232 Fortress: 30084232 Mansion: 10387319 Fossil: 14357921 Portal: 34222645
[19:43:49] [Server thread/INFO]: Max TNT Explosions: 100
[19:43:49] [Server thread/INFO]: Tile Max Tick Time: 50ms Entity max Tick Time: 50ms
[19:43:49] [Server thread/INFO]: Entity Tracking Range: Pl 48 / An 48 / Mo 48 / Mi 32 / Other 64
[19:43:49] [Server thread/INFO]: Allow Zombie Pigmen to spawn from portal blocks: true
[19:43:49] [Server thread/INFO]: Item Merge Radius: 2.5
[19:43:49] [Server thread/INFO]: Item Despawn Rate: 6000
[19:43:49] [Server thread/INFO]: View Distance: 10
[19:43:49] [Server thread/INFO]: Arrow Despawn Rate: 1200 Trident Respawn Rate:1200
[19:43:49] [Server thread/INFO]: Zombie Aggressive Towards Villager: true
[19:43:49] [Server thread/INFO]: Nerfing mobs spawned from spawners: false
[19:43:49] [Server thread/INFO]: Mob Spawn Range: 6
[19:43:49] [Server thread/ERROR]: Error loading saved data: raids
java.lang.ArrayIndexOutOfBoundsException: arraycopy: length -1 is negative
	at java.lang.System.arraycopy(Native Method) ~[?:?]
	at java.io.PushbackInputStream.unread(PushbackInputStream.java:232) ~[?:?]
	at net.minecraft.server.v1_16_R3.WorldPersistentData.a(WorldPersistentData.java:187) ~[patched_1.16.5.jar:git-Paper-597]
	at net.minecraft.server.v1_16_R3.WorldPersistentData.a(WorldPersistentData.java:103) ~[patched_1.16.5.jar:git-Paper-597]
	at net.minecraft.server.v1_16_R3.WorldPersistentData.c(WorldPersistentData.java:73) ~[patched_1.16.5.jar:git-Paper-597]
	at net.minecraft.server.v1_16_R3.WorldPersistentData.b(WorldPersistentData.java:59) ~[patched_1.16.5.jar:git-Paper-597]
	at net.minecraft.server.v1_16_R3.WorldPersistentData.a(WorldPersistentData.java:42) ~[patched_1.16.5.jar:git-Paper-597]
	at net.minecraft.server.v1_16_R3.WorldServer.<init>(WorldServer.java:364) ~[patched_1.16.5.jar:git-Paper-597]
	at net.minecraft.server.v1_16_R3.MinecraftServer.loadWorld(MinecraftServer.java:557) ~[patched_1.16.5.jar:git-Paper-597]
	at net.minecraft.server.v1_16_R3.DedicatedServer.init(DedicatedServer.java:280) ~[patched_1.16.5.jar:git-Paper-597]
	at net.minecraft.server.v1_16_R3.MinecraftServer.w(MinecraftServer.java:1065) ~[patched_1.16.5.jar:git-Paper-597]
	at net.minecraft.server.v1_16_R3.MinecraftServer.lambda$a$0(MinecraftServer.java:289) ~[patched_1.16.5.jar:git-Paper-597]
	at java.lang.Thread.run(Thread.java:834) [?:?]
[19:43:49] [Server thread/INFO]: -------- World Settings For [world_the_end] --------
[19:43:49] [Server thread/INFO]: Experience Merge Radius: 3.0
[19:43:49] [Server thread/INFO]: Cactus Growth Modifier: 100%
[19:43:49] [Server thread/INFO]: Cane Growth Modifier: 100%
[19:43:49] [Server thread/INFO]: Melon Growth Modifier: 100%
[19:43:49] [Server thread/INFO]: Mushroom Growth Modifier: 100%
[19:43:49] [Server thread/INFO]: Pumpkin Growth Modifier: 100%
[19:43:49] [Server thread/INFO]: Sapling Growth Modifier: 100%
[19:43:49] [Server thread/INFO]: Beetroot Growth Modifier: 100%
[19:43:49] [Server thread/INFO]: Carrot Growth Modifier: 100%
[19:43:49] [Server thread/INFO]: Potato Growth Modifier: 100%
[19:43:49] [Server thread/INFO]: Wheat Growth Modifier: 100%
[19:43:49] [Server thread/INFO]: NetherWart Growth Modifier: 100%
[19:43:49] [Server thread/INFO]: Vine Growth Modifier: 100%
[19:43:49] [Server thread/INFO]: Cocoa Growth Modifier: 100%
[19:43:49] [Server thread/INFO]: Bamboo Growth Modifier: 100%
[19:43:49] [Server thread/INFO]: SweetBerry Growth Modifier: 100%
[19:43:49] [Server thread/INFO]: Kelp Growth Modifier: 100%
[19:43:49] [Server thread/INFO]: Entity Activation Range: An 32 / Mo 32 / Ra 48 / Mi 16 / Tiv true
[19:43:49] [Server thread/INFO]: Hopper Transfer: 8 Hopper Check: 1 Hopper Amount: 1
[19:43:49] [Server thread/INFO]: Custom Map Seeds:  Village: 10387312 Desert: 14357617 Igloo: 14357618 Jungle: 14357619 Swamp: 14357620 Monument: 10387313 Ocean: 14357621 Shipwreck: 165745295 End City: 10387313 Slime: 987234911 Bastion: 30084232 Fortress: 30084232 Mansion: 10387319 Fossil: 14357921 Portal: 34222645
[19:43:49] [Server thread/INFO]: Max TNT Explosions: 100
[19:43:49] [Server thread/INFO]: Tile Max Tick Time: 50ms Entity max Tick Time: 50ms
[19:43:49] [Server thread/INFO]: Entity Tracking Range: Pl 48 / An 48 / Mo 48 / Mi 32 / Other 64
[19:43:49] [Server thread/INFO]: Allow Zombie Pigmen to spawn from portal blocks: true
[19:43:49] [Server thread/INFO]: Item Merge Radius: 2.5
[19:43:49] [Server thread/INFO]: Item Despawn Rate: 6000
[19:43:49] [Server thread/INFO]: View Distance: 10
[19:43:49] [Server thread/INFO]: Arrow Despawn Rate: 1200 Trident Respawn Rate:1200
[19:43:49] [Server thread/INFO]: Zombie Aggressive Towards Villager: true
[19:43:49] [Server thread/INFO]: Nerfing mobs spawned from spawners: false
[19:43:49] [Server thread/INFO]: Mob Spawn Range: 6
[19:43:49] [Server thread/ERROR]: Error loading saved data: raids_end
java.lang.ArrayIndexOutOfBoundsException: arraycopy: length -1 is negative
	at java.lang.System.arraycopy(Native Method) ~[?:?]
	at java.io.PushbackInputStream.unread(PushbackInputStream.java:232) ~[?:?]
	at net.minecraft.server.v1_16_R3.WorldPersistentData.a(WorldPersistentData.java:187) ~[patched_1.16.5.jar:git-Paper-597]
	at net.minecraft.server.v1_16_R3.WorldPersistentData.a(WorldPersistentData.java:103) ~[patched_1.16.5.jar:git-Paper-597]
	at net.minecraft.server.v1_16_R3.WorldPersistentData.c(WorldPersistentData.java:73) ~[patched_1.16.5.jar:git-Paper-597]
	at net.minecraft.server.v1_16_R3.WorldPersistentData.b(WorldPersistentData.java:59) ~[patched_1.16.5.jar:git-Paper-597]
	at net.minecraft.server.v1_16_R3.WorldPersistentData.a(WorldPersistentData.java:42) ~[patched_1.16.5.jar:git-Paper-597]
	at net.minecraft.server.v1_16_R3.WorldServer.<init>(WorldServer.java:364) ~[patched_1.16.5.jar:git-Paper-597]
	at net.minecraft.server.v1_16_R3.MinecraftServer.loadWorld(MinecraftServer.java:557) ~[patched_1.16.5.jar:git-Paper-597]
	at net.minecraft.server.v1_16_R3.DedicatedServer.init(DedicatedServer.java:280) ~[patched_1.16.5.jar:git-Paper-597]
	at net.minecraft.server.v1_16_R3.MinecraftServer.w(MinecraftServer.java:1065) ~[patched_1.16.5.jar:git-Paper-597]
	at net.minecraft.server.v1_16_R3.MinecraftServer.lambda$a$0(MinecraftServer.java:289) ~[patched_1.16.5.jar:git-Paper-597]
	at java.lang.Thread.run(Thread.java:834) [?:?]
[19:43:49] [Server thread/INFO]: Preparing start region for dimension minecraft:overworld
[19:43:50] [Server thread/INFO]: Loaded 0 spawn chunks for world world
[19:43:50] [Server thread/INFO]: Preparing spawn area: 0%
[19:43:50] [Server thread/INFO]: Preparing spawn area: 0%
[19:43:50] [Server thread/INFO]: Preparing spawn area: 0%
[19:43:50] [Server thread/INFO]: Time elapsed: 1178 ms
[19:43:50] [Server thread/INFO]: Preparing start region for dimension minecraft:the_nether
[19:43:51] [Server thread/INFO]: Loaded 0 spawn chunks for world world_nether
[19:43:51] [Server thread/INFO]: Time elapsed: 180 ms
[19:43:51] [Server thread/INFO]: Preparing start region for dimension minecraft:the_end
[19:43:51] [Server thread/INFO]: Loaded 0 spawn chunks for world world_the_end
[19:43:51] [Server thread/INFO]: Time elapsed: 137 ms
[19:43:51] [Server thread/INFO]: [SimpleBackup] Enabling SimpleBackup v1.8*
[19:43:51] [Server thread/INFO]: [SimpleBackup] Worlds [CraftWorld{name=world}, CraftWorld{name=world_nether}, CraftWorld{name=world_the_end}] scheduled for backup.
[19:43:51] [Server thread/INFO]: [SimpleBackup] Backup scheduled starting in 1000000.0 hours, repeat interval: 1000000.0 hours
[19:43:51] [Server thread/INFO]: [SimpleBackup] Enabled.
[19:43:51] [Server thread/INFO]: [Timber] Enabling Timber v1.0.9
[19:43:51] [Server thread/INFO]: Timber Log Materials: [SPRUCE_LOG, DARK_OAK_LOG, ACACIA_LOG, BIRCH_LOG, OAK_LOG, JUNGLE_LOG]
[19:43:51] [Server thread/INFO]: Timber Axe Materials: [NETHERITE_AXE, IRON_AXE, DIAMOND_AXE, WOODEN_AXE, STONE_AXE, GOLDEN_AXE]
[19:43:51] [Server thread/INFO]: [PL-Hide] Enabling PL-Hide v1.5.18
[19:43:51] [Server thread/INFO]: [EasyClearChat] Enabling EasyClearChat v3.7.0*
[19:43:51] [Server thread/INFO]: [EasyClearChat] English language chosen correctly.
[19:43:51] [Server thread/INFO]: [EasyClearChat] Plugin enabled. Plugin created by xtomyserrax
[19:43:51] [Server thread/INFO]: [Multiverse-Core] Enabling Multiverse-Core v4.2.2-b812
[19:43:51] [Server thread/WARN]: [Multiverse-Core] "Multiverse-Core v4.2.2-b812" has registered a listener for org.bukkit.event.entity.EntityCreatePortalEvent on method "public void com.onarandombox.MultiverseCore.listeners.MVPortalListener.entityPortalCreate(org.bukkit.event.entity.EntityCreatePortalEvent)", but the event is Deprecated. "Server performance will be affected"; please notify the authors [dumptruckman, Rigby, fernferret, lithium3141, main--].
[19:43:51] [Server thread/INFO]: [Multiverse-Core] We are aware of the warning about the deprecated event. There is no alternative that allows us to do what we need to do and performance impact is negligible. It is safe to ignore.
[19:43:51] [Server thread/WARN]: [Multiverse-Core] Exception while loading value for environment
[19:43:51] [Server thread/WARN]: [Multiverse-Core] Exception while loading value for environment
[19:43:51] [Server thread/WARN]: [Multiverse-Core] WorldManager: Can't load this world because the folder was deleted/moved: halloween
[19:43:51] [Server thread/WARN]: [Multiverse-Core] Use '/mv remove' to remove it from the config!
[19:43:52] [Server thread/WARN]: [Multiverse-Core] WorldManager: Can't load this world because the folder was deleted/moved: Winter
[19:43:52] [Server thread/WARN]: [Multiverse-Core] Use '/mv remove' to remove it from the config!
[19:43:52] [Server thread/WARN]: [Multiverse-Core] WorldManager: Can't load this world because the folder was deleted/moved: Sommer
[19:43:52] [Server thread/WARN]: [Multiverse-Core] Use '/mv remove' to remove it from the config!
[19:43:52] [Server thread/WARN]: [Multiverse-Core] WorldManager: Can't load this world because the folder was deleted/moved: PokemonMap
[19:43:52] [Server thread/WARN]: [Multiverse-Core] Use '/mv remove' to remove it from the config!
[19:43:52] [Server thread/WARN]: [Multiverse-Core] WorldManager: Can't load this world because the folder was deleted/moved: Fruhling
[19:43:52] [Server thread/WARN]: [Multiverse-Core] Use '/mv remove' to remove it from the config!
[19:43:52] [Server thread/INFO]: [Multiverse-Core] 3 - World(s) loaded.
[19:43:52] [Server thread/WARN]: Warning: Nashorn engine is planned to be removed from a future JDK release
[19:43:53] [Server thread/INFO]: [Multiverse-Core] Version 4.2.2-b812 (API v24) Enabled - By dumptruckman, Rigby, fernferret, lithium3141 and main--
[19:43:53] [Server thread/INFO]: [Essentials] Enabling Essentials v2.18.2.0
[19:43:53] [Server thread/ERROR]: [Essentials] You are running an unsupported server version!
[19:43:53] [Server thread/INFO]: [Essentials] Attempting to convert old kits in config.yml to new kits.yml
[19:43:53] [Server thread/INFO]: [Essentials] No kits found to migrate.
[19:43:54] [Server thread/INFO]: [Essentials] Loaded 25599 items from items.json.
[19:43:54] [Server thread/INFO]: [Essentials] Using locale en_US
[19:43:54] [Server thread/INFO]: [Essentials] ServerListPingEvent: Spigot iterator API
[19:43:54] [Server thread/INFO]: [Essentials] Starting Metrics. Opt-out using the global bStats config.
[19:43:54] [Server thread/INFO]: [Vault] [Economy] Essentials Economy hooked.
[19:43:54] [Server thread/INFO]: [Essentials] Using Vault based permissions (LuckPerms)
[19:43:54] [Server thread/INFO]: [EssentialsSpawn] Enabling EssentialsSpawn v2.18.2.0
[19:43:54] [Server thread/INFO]: [EssentialsSpawn] Starting Metrics. Opt-out using the global bStats config.
[19:43:54] [Server thread/INFO]: [EssentialsChat] Enabling EssentialsChat v2.18.2.0
[19:43:54] [Server thread/INFO]: [EssentialsChat] Starting Metrics. Opt-out using the global bStats config.
[19:43:54] [Server thread/INFO]: [WorldGuard] Enabling WorldGuard v7.0.4+f7ff984
[19:43:54] [Server thread/INFO]: [WorldGuard] (world) TNT ignition is PERMITTED.
[19:43:54] [Server thread/INFO]: [WorldGuard] (world) Lighters are PERMITTED.
[19:43:54] [Server thread/INFO]: [WorldGuard] (world) Lava fire is PERMITTED.
[19:43:54] [Server thread/INFO]: [WorldGuard] (world) Fire spread is UNRESTRICTED.
[19:43:54] [Server thread/INFO]: [WorldGuard] Loaded configuration for world 'world'
[19:43:54] [Server thread/INFO]: [WorldGuard] (world_nether) TNT ignition is PERMITTED.
[19:43:54] [Server thread/INFO]: [WorldGuard] (world_nether) Lighters are PERMITTED.
[19:43:54] [Server thread/INFO]: [WorldGuard] (world_nether) Lava fire is PERMITTED.
[19:43:54] [Server thread/INFO]: [WorldGuard] (world_nether) Fire spread is UNRESTRICTED.
[19:43:54] [Server thread/INFO]: [WorldGuard] Loaded configuration for world 'world_nether'
[19:43:54] [Server thread/INFO]: [WorldGuard] (world_the_end) TNT ignition is PERMITTED.
[19:43:54] [Server thread/INFO]: [WorldGuard] (world_the_end) Lighters are PERMITTED.
[19:43:54] [Server thread/INFO]: [WorldGuard] (world_the_end) Lava fire is PERMITTED.
[19:43:54] [Server thread/INFO]: [WorldGuard] (world_the_end) Fire spread is UNRESTRICTED.
[19:43:54] [Server thread/INFO]: [WorldGuard] Loaded configuration for world 'world_the_end'
[19:43:54] [Server thread/INFO]: [WorldGuard] Loading region data...
[19:43:55] [Server thread/INFO]: Starting remote control listener
[19:43:55] [Server thread/INFO]: Thread RCON Listener started
[19:43:55] [Server thread/INFO]: RCON running on 0.0.0.0:65535
[19:43:55] [Server thread/INFO]: Running delayed init tasks
[19:43:55] [Server thread/INFO]: Done (18.056s)! For help, type "help"
[19:43:55] [Server thread/INFO]: Timings Reset
[19:43:56] [Craft Scheduler Thread - 2/INFO]: [Vault] Checking for Updates ... 
[19:43:57] [Craft Scheduler Thread - 2/INFO]: [Vault] No new version available
[19:43:59] [User Authenticator #1/INFO]: UUID of player SryForBeingGray is af6718ae-82b8-4c41-a28e-a555707fa868
[19:44:00] [Server thread/INFO]: SryForBeingGray joined the game
[19:44:01] [Server thread/INFO]: SryForBeingGray[/178.115.130.189:46859] logged in with entity id 185 at ([world]-997.5247004952654, 87.28271994601768, 137.83896697922714)
[19:44:27] [Server thread/INFO]: SryForBeingGray lost connection: Disconnected
[19:44:27] [Server thread/INFO]: SryForBeingGray left the game
[19:46:09] [User Authenticator #2/INFO]: UUID of player AlemDerGeile is d33e69ed-269d-4806-9150-dca624943089
[19:46:09] [Server thread/INFO]: AlemDerGeile joined the game
[19:46:09] [Server thread/INFO]: AlemDerGeile[/178.165.130.172:7737] logged in with entity id 200 at ([world]-1006.7779410794285, 70.0, 91.65934534361189)
[19:49:14] [Server thread/INFO]: AlemDerGeile lost connection: Disconnected
[19:49:14] [Server thread/INFO]: AlemDerGeile left the game
